<?xml version="1.0" encoding="UTF-8"?>
<testng-results ignored="0" total="2" passed="2" failed="0" skipped="0">
  <reporter-output>
  </reporter-output>
  <suite started-at="2024-10-22T00:45:11 IST" name="Default suite" finished-at="2024-10-22T00:45:37 IST" duration-ms="26648">
    <groups>
    </groups>
    <test started-at="2024-10-22T00:45:11 IST" name="Default test" finished-at="2024-10-22T00:45:37 IST" duration-ms="26648">
      <class name="Demo.OrangeHRM">
        <test-method is-config="true" signature="setup()[pri:0, instance:Demo.OrangeHRM@5149d738]" started-at="2024-10-22T00:45:11 IST" name="setup" finished-at="2024-10-22T00:45:20 IST" duration-ms="9156" status="PASS">
          <reporter-output>
          </reporter-output>
        </test-method> <!-- setup -->
        <test-method signature="loginwithInvalidData()[pri:1, instance:Demo.OrangeHRM@5149d738]" started-at="2024-10-22T00:45:20 IST" name="loginwithInvalidData" finished-at="2024-10-22T00:45:25 IST" duration-ms="4901" status="PASS">
          <reporter-output>
          </reporter-output>
        </test-method> <!-- loginwithInvalidData -->
        <test-method signature="loginTestwithValidDtat()[pri:2, instance:Demo.OrangeHRM@5149d738]" started-at="2024-10-22T00:45:25 IST" name="loginTestwithValidDtat" finished-at="2024-10-22T00:45:26 IST" duration-ms="1497" status="PASS">
          <reporter-output>
          </reporter-output>
        </test-method> <!-- loginTestwithValidDtat -->
        <test-method is-config="true" signature="tearDown()[pri:0, instance:Demo.OrangeHRM@5149d738]" started-at="2024-10-22T00:45:26 IST" name="tearDown" finished-at="2024-10-22T00:45:37 IST" duration-ms="11013" status="PASS">
          <reporter-output>
          </reporter-output>
        </test-method> <!-- tearDown -->
      </class> <!-- Demo.OrangeHRM -->
    </test> <!-- Default test -->
  </suite> <!-- Default suite -->
</testng-results>
